<?xml version="1.0" encoding="UTF-8"?>
<testsuite name="com.itsm.request.RequestCRUDTests" tests="1" skipped="0" failures="0" errors="0" timestamp="2026-03-28T12:10:23" hostname="a56e78b0efc9" time="0.589">
  <properties/>
  <testcase name="testRequestLifecycle()" classname="com.itsm.request.RequestCRUDTests" time="0.589"/>
  <system-out><![CDATA[12:10:21.721 [Test worker] INFO org.springframework.test.context.support.AnnotationConfigContextLoaderUtils -- Could not detect default configuration classes for test class [com.itsm.request.RequestCRUDTests]: RequestCRUDTests does not declare any static, non-private, non-final, nested classes annotated with @Configuration.
12:10:21.775 [Test worker] INFO org.springframework.boot.test.context.SpringBootTestContextBootstrapper -- Found @SpringBootConfiguration com.itsm.request.BackendRequestApplication for test class com.itsm.request.RequestCRUDTests

  .   ____          _            __ _ _
 /\\ / ___'_ __ _ _(_)_ __  __ _ \ \ \ \
( ( )\___ | '_ | '_| | '_ \/ _` | \ \ \ \
 \\/  ___)| |_)| | | | | || (_| |  ) ) ) )
  '  |____| .__|_| |_|_| |_\__, | / / / /
 =========|_|==============|___/=/_/_/_/
 :: Spring Boot ::                (v3.2.4)

2026-03-28T12:10:21.993Z  INFO 272 --- [    Test worker] com.itsm.request.RequestCRUDTests        : Starting RequestCRUDTests using Java 17.0.18 with PID 272 (started by root in /home/gradle/project)
2026-03-28T12:10:21.994Z  INFO 272 --- [    Test worker] com.itsm.request.RequestCRUDTests        : No active profile set, falling back to 1 default profile: "default"
2026-03-28T12:10:22.336Z  INFO 272 --- [    Test worker] .s.d.r.c.RepositoryConfigurationDelegate : Bootstrapping Spring Data JPA repositories in DEFAULT mode.
2026-03-28T12:10:22.365Z  INFO 272 --- [    Test worker] .s.d.r.c.RepositoryConfigurationDelegate : Finished Spring Data repository scanning in 25 ms. Found 2 JPA repository interfaces.
2026-03-28T12:10:22.588Z  INFO 272 --- [    Test worker] o.s.b.w.embedded.tomcat.TomcatWebServer  : Tomcat initialized with port 0 (http)
2026-03-28T12:10:22.597Z  INFO 272 --- [    Test worker] o.apache.catalina.core.StandardService   : Starting service [Tomcat]
2026-03-28T12:10:22.597Z  INFO 272 --- [    Test worker] o.apache.catalina.core.StandardEngine    : Starting Servlet engine: [Apache Tomcat/10.1.19]
2026-03-28T12:10:22.621Z  INFO 272 --- [    Test worker] o.a.c.c.C.[Tomcat].[localhost].[/]       : Initializing Spring embedded WebApplicationContext
2026-03-28T12:10:22.622Z  INFO 272 --- [    Test worker] w.s.c.ServletWebServerApplicationContext : Root WebApplicationContext: initialization completed in 616 ms
2026-03-28T12:10:22.695Z  INFO 272 --- [    Test worker] o.hibernate.jpa.internal.util.LogHelper  : HHH000204: Processing PersistenceUnitInfo [name: default]
2026-03-28T12:10:22.728Z  INFO 272 --- [    Test worker] org.hibernate.Version                    : HHH000412: Hibernate ORM core version 6.4.4.Final
2026-03-28T12:10:22.747Z  INFO 272 --- [    Test worker] o.h.c.internal.RegionFactoryInitiator    : HHH000026: Second-level cache disabled
2026-03-28T12:10:22.871Z  INFO 272 --- [    Test worker] o.s.o.j.p.SpringPersistenceUnitInfo      : No LoadTimeWeaver setup: ignoring JPA class transformer
2026-03-28T12:10:22.887Z  INFO 272 --- [    Test worker] com.zaxxer.hikari.HikariDataSource       : HikariPool-1 - Starting...
2026-03-28T12:10:22.925Z  INFO 272 --- [    Test worker] com.zaxxer.hikari.pool.HikariPool        : HikariPool-1 - Added connection org.mariadb.jdbc.Connection@6e090aaa
2026-03-28T12:10:22.927Z  INFO 272 --- [    Test worker] com.zaxxer.hikari.HikariDataSource       : HikariPool-1 - Start completed.
2026-03-28T12:10:23.436Z  INFO 272 --- [    Test worker] o.h.e.t.j.p.i.JtaPlatformInitiator       : HHH000489: No JTA platform available (set 'hibernate.transaction.jta.platform' to enable JTA platform integration)
2026-03-28T12:10:23.467Z  INFO 272 --- [    Test worker] j.LocalContainerEntityManagerFactoryBean : Initialized JPA EntityManagerFactory for persistence unit 'default'
2026-03-28T12:10:23.648Z  WARN 272 --- [    Test worker] JpaBaseConfiguration$JpaWebConfiguration : spring.jpa.open-in-view is enabled by default. Therefore, database queries may be performed during view rendering. Explicitly configure spring.jpa.open-in-view to disable this warning
2026-03-28T12:10:23.829Z  INFO 272 --- [    Test worker] o.s.b.w.embedded.tomcat.TomcatWebServer  : Tomcat started on port 46765 (http) with context path ''
2026-03-28T12:10:23.834Z  INFO 272 --- [    Test worker] com.itsm.request.RequestCRUDTests        : Started RequestCRUDTests in 1.987 seconds (process running for 2.421)
2026-03-28T12:10:24.186Z  INFO 272 --- [o-auto-1-exec-1] o.a.c.c.C.[Tomcat].[localhost].[/]       : Initializing Spring DispatcherServlet 'dispatcherServlet'
2026-03-28T12:10:24.186Z  INFO 272 --- [o-auto-1-exec-1] o.s.web.servlet.DispatcherServlet        : Initializing Servlet 'dispatcherServlet'
2026-03-28T12:10:24.187Z  INFO 272 --- [o-auto-1-exec-1] o.s.web.servlet.DispatcherServlet        : Completed initialization in 1 ms
Hibernate: 
    insert 
    into
        requests
        (assignee_id, company_id, created_at, description, priority, req_number, requester_id, service_id, sla_target_at, status, title, updated_at) 
    values
        (?, ?, ?, ?, ?, ?, ?, ?, ?, ?, ?, ?)
Hibernate: 
    select
        r1_0.id,
        r1_0.assignee_id,
        r1_0.company_id,
        r1_0.created_at,
        r1_0.description,
        r1_0.priority,
        r1_0.req_number,
        r1_0.requester_id,
        r1_0.service_id,
        r1_0.sla_target_at,
        r1_0.status,
        r1_0.title,
        r1_0.updated_at 
    from
        requests r1_0 
    where
        r1_0.id=?
Hibernate: 
    insert 
    into
        request_comments
        (author_id, content, created_at, is_internal, request_id) 
    values
        (?, ?, ?, ?, ?)
Hibernate: 
    select
        r1_0.id,
        r1_0.assignee_id,
        r1_0.company_id,
        r1_0.created_at,
        r1_0.description,
        r1_0.priority,
        r1_0.req_number,
        r1_0.requester_id,
        r1_0.service_id,
        r1_0.sla_target_at,
        r1_0.status,
        r1_0.title,
        r1_0.updated_at 
    from
        requests r1_0 
    where
        r1_0.company_id=? 
    order by
        r1_0.created_at desc
Hibernate: 
    select
        r1_0.id,
        r1_0.assignee_id,
        r1_0.company_id,
        r1_0.created_at,
        r1_0.description,
        r1_0.priority,
        r1_0.req_number,
        r1_0.requester_id,
        r1_0.service_id,
        r1_0.sla_target_at,
        r1_0.status,
        r1_0.title,
        r1_0.updated_at 
    from
        requests r1_0 
    where
        r1_0.id=?
Hibernate: 
    select
        c1_0.request_id,
        c1_0.id,
        c1_0.author_id,
        c1_0.content,
        c1_0.created_at,
        c1_0.is_internal 
    from
        request_comments c1_0 
    where
        c1_0.request_id=?
Hibernate: 
    delete 
    from
        request_comments 
    where
        id=?
Hibernate: 
    delete 
    from
        requests 
    where
        id=?
Hibernate: 
    select
        r1_0.id,
        r1_0.assignee_id,
        r1_0.company_id,
        r1_0.created_at,
        r1_0.description,
        r1_0.priority,
        r1_0.req_number,
        r1_0.requester_id,
        r1_0.service_id,
        r1_0.sla_target_at,
        r1_0.status,
        r1_0.title,
        r1_0.updated_at 
    from
        requests r1_0 
    where
        r1_0.company_id=? 
    order by
        r1_0.created_at desc
]]></system-out>
  <system-err><![CDATA[]]></system-err>
</testsuite>
